<?xml version="1.0" encoding="UTF-8"?>
<!-- Generated by org.testng.reporters.JUnitReportReporter -->
<testsuite hostname="LAPTOP-HCM1LESQ" failures="0" tests="2" name="EndToEndProject.TestNGFramework.verify_login" time="71.943" errors="0" timestamp="2022-01-21T21:11:40 IST" skipped="0">
  <testcase classname="EndToEndProject.TestNGFramework.verify_login" name="Browser_Launch" time="46.548"/>
  <system-out/>
  <testcase classname="EndToEndProject.TestNGFramework.verify_login" name="Browser_Launch" time="25.395"/>
  <system-out/>
</testsuite> <!-- EndToEndProject.TestNGFramework.verify_login -->
